Arguments: 
  /Users/max/.nvm/versions/node/v9.11.1/bin/node /usr/local/Cellar/yarn/1.12.3/libexec/bin/yarn.js install

PATH: 
  /Users/max/.nvm/versions/node/v9.11.1/bin:/usr/local/opt/postgresql@9.4/bin:/usr/local/bin:/usr/bin:/bin:/usr/sbin:/sbin:/opt/local/bin:/opt/local/sbin:/usr/local/share/dotnet:/opt/X11/bin:~/.dotnet/tools

Yarn version: 
  1.12.3

Node version: 
  9.11.1

Platform: 
  darwin x64

Trace: 
  SyntaxError: /Users/max/Projects/jumpcutter/package.json: Unexpected token } in JSON at position 343
      at JSON.parse (<anonymous>)
      at /usr/local/Cellar/yarn/1.12.3/libexec/lib/cli.js:1631:59
      at Generator.next (<anonymous>)
      at step (/usr/local/Cellar/yarn/1.12.3/libexec/lib/cli.js:304:30)
      at /usr/local/Cellar/yarn/1.12.3/libexec/lib/cli.js:315:13
      at <anonymous>

npm manifest: 
  {
    "name": "jumpcutter",
    "version": "0.0.1",
    "main": "index.js",
    "license": "wtfpl",
    "preferGlobal": true,
    "bin": "./dist/index.js",
    "scripts": {
      "start": "ts-node-dev --respawn --ignore-watch node_modules lib/index.ts",
      "build": "tsc",
      "prepublish": "yarn build"
    },
    "dependencies": {
      "commander": "2.19.0",
    },
    "devDependencies": {
      "@types/node": "10.12.2",
      "typescript": "3.1.6"
    },
    "author": "Max Kalhama <max@kalhama.fi>",
    "repository": "",
    "files": ["dist"]
  }

yarn manifest: 
  No manifest

Lockfile: 
  # THIS IS AN AUTOGENERATED FILE. DO NOT EDIT THIS FILE DIRECTLY.
  # yarn lockfile v1
  
  
  "@types/json2csv@4.2.0":
    version "4.2.0"
    resolved "https://registry.yarnpkg.com/@types/json2csv/-/json2csv-4.2.0.tgz#3eb847f70be10d5d73786da02a66f8e265a9001c"
    integrity sha512-bYq/uoqOqjSEewzNuGwPhtsodaMPImPmnZWGbZ8quHXlkOzflZ06dzObQ9eXYyYU1/TWxSm2wSk07IZOYWChSQ==
    dependencies:
      "@types/node" "*"
  
  "@types/lodash@4.14.117":
    version "4.14.117"
    resolved "https://registry.yarnpkg.com/@types/lodash/-/lodash-4.14.117.tgz#695a7f514182771a1e0f4345d189052ee33c8778"
  
  "@types/moment-timezone@0.5.9":
    version "0.5.9"
    resolved "https://registry.yarnpkg.com/@types/moment-timezone/-/moment-timezone-0.5.9.tgz#1a34ef6ba2e4578b9ca399ed5eec57525ad1d4a7"
    dependencies:
      moment ">=2.14.0"
  
  "@types/node@*":
    version "10.12.5"
    resolved "https://registry.yarnpkg.com/@types/node/-/node-10.12.5.tgz#7e7ea1a9b34d2c8d704cb0b755dffbcda34741ad"
    integrity sha512-GzdHjq3t3eGLMv92Al90Iq+EoLL+86mPfQhuglbBFO7HiLdC/rkt+zrzJJumAiBF6nsrBWhou22rPW663AAyFw==
  
  "@types/node@10.12.2":
    version "10.12.2"
    resolved "https://registry.yarnpkg.com/@types/node/-/node-10.12.2.tgz#d77f9faa027cadad9c912cd47f4f8b07b0fb0864"
  
  async@^2.0.1:
    version "2.6.1"
    resolved "https://registry.yarnpkg.com/async/-/async-2.6.1.tgz#b245a23ca71930044ec53fa46aa00a3e87c6a610"
    dependencies:
      lodash "^4.17.10"
  
  clone@^1.0.2:
    version "1.0.4"
    resolved "https://registry.yarnpkg.com/clone/-/clone-1.0.4.tgz#da309cc263df15994c688ca902179ca3c7cd7c7e"
  
  commander@2.19.0, commander@^2.15.1:
    version "2.19.0"
    resolved "https://registry.yarnpkg.com/commander/-/commander-2.19.0.tgz#f6198aa84e5b83c46054b94ddedbfed5ee9ff12a"
    integrity sha512-6tvAOO+D6OENvRAh524Dh9jcfKTYDQAqvqezbCW82xj5X0pSrcpxtvRKHLG0yBY6SD7PSDrJaj+0AiOcKVd1Xg==
  
  console.table@0.10.0:
    version "0.10.0"
    resolved "https://registry.yarnpkg.com/console.table/-/console.table-0.10.0.tgz#0917025588875befd70cf2eff4bef2c6e2d75d04"
    dependencies:
      easy-table "1.1.0"
  
  defaults@^1.0.3:
    version "1.0.3"
    resolved "https://registry.yarnpkg.com/defaults/-/defaults-1.0.3.tgz#c656051e9817d9ff08ed881477f3fe4019f3ef7d"
    dependencies:
      clone "^1.0.2"
  
  easy-table@1.1.0:
    version "1.1.0"
    resolved "https://registry.yarnpkg.com/easy-table/-/easy-table-1.1.0.tgz#86f9ab4c102f0371b7297b92a651d5824bc8cb73"
    optionalDependencies:
      wcwidth ">=1.0.1"
  
  json2csv@4.3.0:
    version "4.3.0"
    resolved "https://registry.yarnpkg.com/json2csv/-/json2csv-4.3.0.tgz#6185ccc0ccf67db7548e1d9521d193a9f0147e08"
    integrity sha512-9v1n6+CNJ1kTEU305i5c8ktOn7CnBNftNw7KLkNoJvjlsQDRyMQ1gsoEgTmPfCYOAHuxbIhqIrN5+Lh4iFQRcg==
    dependencies:
      commander "^2.15.1"
      jsonparse "^1.3.1"
      lodash.clonedeep "^4.5.0"
      lodash.get "^4.4.2"
      lodash.set "^4.3.2"
  
  jsonparse@^1.3.1:
    version "1.3.1"
    resolved "https://registry.yarnpkg.com/jsonparse/-/jsonparse-1.3.1.tgz#3f4dae4a91fac315f71062f8521cc239f1366280"
    integrity sha1-P02uSpH6wxX3EGL4UhzCOfE2YoA=
  
  lodash.clonedeep@^4.5.0:
    version "4.5.0"
    resolved "https://registry.yarnpkg.com/lodash.clonedeep/-/lodash.clonedeep-4.5.0.tgz#e23f3f9c4f8fbdde872529c1071857a086e5ccef"
    integrity sha1-4j8/nE+Pvd6HJSnBBxhXoIblzO8=
  
  lodash.get@^4.4.2:
    version "4.4.2"
    resolved "https://registry.yarnpkg.com/lodash.get/-/lodash.get-4.4.2.tgz#2d177f652fa31e939b4438d5341499dfa3825e99"
    integrity sha1-LRd/ZS+jHpObRDjVNBSZ36OCXpk=
  
  lodash.set@^4.3.2:
    version "4.3.2"
    resolved "https://registry.yarnpkg.com/lodash.set/-/lodash.set-4.3.2.tgz#d8757b1da807dde24816b0d6a84bea1a76230b23"
    integrity sha1-2HV7HagH3eJIFrDWqEvqGnYjCyM=
  
  lodash@4.17.11, lodash@^4.15.0, lodash@^4.17.10:
    version "4.17.11"
    resolved "https://registry.yarnpkg.com/lodash/-/lodash-4.17.11.tgz#b39ea6229ef607ecd89e2c8df12536891cac9b8d"
  
  minimist@~0.0.1:
    version "0.0.10"
    resolved "http://registry.npmjs.org/minimist/-/minimist-0.0.10.tgz#de3f98543dbf96082be48ad1a0c7cda836301dcf"
  
  moment-timezone@0.5.23:
    version "0.5.23"
    resolved "https://registry.yarnpkg.com/moment-timezone/-/moment-timezone-0.5.23.tgz#7cbb00db2c14c71b19303cb47b0fb0a6d8651463"
    dependencies:
      moment ">= 2.9.0"
  
  "moment@>= 2.9.0", moment@>=2.14.0:
    version "2.22.2"
    resolved "https://registry.yarnpkg.com/moment/-/moment-2.22.2.tgz#3c257f9839fc0e93ff53149632239eb90783ff66"
  
  optimist@^0.6.1:
    version "0.6.1"
    resolved "https://registry.yarnpkg.com/optimist/-/optimist-0.6.1.tgz#da3ea74686fa21a19a111c326e90eb15a0196686"
    dependencies:
      minimist "~0.0.1"
      wordwrap "~0.0.2"
  
  pdf2json@1.1.7:
    version "1.1.7"
    resolved "https://registry.yarnpkg.com/pdf2json/-/pdf2json-1.1.7.tgz#a09d705ce64d82cbc7d0473d1424963f751bec32"
    dependencies:
      async "^2.0.1"
      lodash "^4.15.0"
      optimist "^0.6.1"
      xmldom "^0.1.22"
  
  typescript@3.1.6:
    version "3.1.6"
    resolved "https://registry.yarnpkg.com/typescript/-/typescript-3.1.6.tgz#b6543a83cfc8c2befb3f4c8fba6896f5b0c9be68"
    integrity sha512-tDMYfVtvpb96msS1lDX9MEdHrW4yOuZ4Kdc4Him9oU796XldPYF/t2+uKoX0BBa0hXXwDlqYQbXY5Rzjzc5hBA==
  
  wcwidth@>=1.0.1:
    version "1.0.1"
    resolved "https://registry.yarnpkg.com/wcwidth/-/wcwidth-1.0.1.tgz#f0b0dcf915bc5ff1528afadb2c0e17b532da2fe8"
    dependencies:
      defaults "^1.0.3"
  
  wordwrap@~0.0.2:
    version "0.0.3"
    resolved "https://registry.yarnpkg.com/wordwrap/-/wordwrap-0.0.3.tgz#a3d5da6cd5c0bc0008d37234bbaf1bed63059107"
  
  xmldom@^0.1.22:
    version "0.1.27"
    resolved "https://registry.yarnpkg.com/xmldom/-/xmldom-0.1.27.tgz#d501f97b3bdb403af8ef9ecc20573187aadac0e9"
